2025-08-09T21:19:23.062+01:00  INFO 8368 --- [task-managementV2] [restartedMain] c.a.t.TaskManagementV2Application        : Starting TaskManagementV2Application using Java 17.0.15 with PID 8368 (C:\Users\tncr\Documents\PROJETS_ADACORP_MAI_2025\java_web_project\spring_project\task-managementV2\target\classes started by tncr in C:\Users\tncr\Documents\PROJETS_ADACORP_MAI_2025\java_web_project\spring_project\task-managementV2)
2025-08-09T21:19:23.108+01:00  INFO 8368 --- [task-managementV2] [restartedMain] c.a.t.TaskManagementV2Application        : No active profile set, falling back to 1 default profile: "default"
2025-08-09T21:19:23.480+01:00  INFO 8368 --- [task-managementV2] [restartedMain] .e.DevToolsPropertyDefaultsPostProcessor : Devtools property defaults active! Set 'spring.devtools.add-properties' to 'false' to disable
2025-08-09T21:19:25.592+01:00  INFO 8368 --- [task-managementV2] [restartedMain] .s.d.r.c.RepositoryConfigurationDelegate : Bootstrapping Spring Data JPA repositories in DEFAULT mode.
2025-08-09T21:19:25.931+01:00  INFO 8368 --- [task-managementV2] [restartedMain] .s.d.r.c.RepositoryConfigurationDelegate : Finished Spring Data repository scanning in 303 ms. Found 6 JPA repository interfaces.
2025-08-09T21:19:27.250+01:00  INFO 8368 --- [task-managementV2] [restartedMain] o.hibernate.jpa.internal.util.LogHelper  : HHH000204: Processing PersistenceUnitInfo [name: default]
2025-08-09T21:19:27.406+01:00  INFO 8368 --- [task-managementV2] [restartedMain] org.hibernate.Version                    : HHH000412: Hibernate ORM core version 6.6.18.Final
2025-08-09T21:19:27.563+01:00  INFO 8368 --- [task-managementV2] [restartedMain] o.h.c.internal.RegionFactoryInitiator    : HHH000026: Second-level cache disabled
2025-08-09T21:19:28.457+01:00  INFO 8368 --- [task-managementV2] [restartedMain] o.s.o.j.p.SpringPersistenceUnitInfo      : No LoadTimeWeaver setup: ignoring JPA class transformer
2025-08-09T21:19:28.565+01:00  INFO 8368 --- [task-managementV2] [restartedMain] com.zaxxer.hikari.HikariDataSource       : HikariPool-1 - Starting...
2025-08-09T21:19:29.183+01:00  INFO 8368 --- [task-managementV2] [restartedMain] com.zaxxer.hikari.pool.HikariPool        : HikariPool-1 - Added connection org.postgresql.jdbc.PgConnection@699c446f
2025-08-09T21:19:29.198+01:00  INFO 8368 --- [task-managementV2] [restartedMain] com.zaxxer.hikari.HikariDataSource       : HikariPool-1 - Start completed.
2025-08-09T21:19:29.277+01:00  WARN 8368 --- [task-managementV2] [restartedMain] org.hibernate.orm.deprecation            : HHH90000025: PostgreSQLDialect does not need to be specified explicitly using 'hibernate.dialect' (remove the property setting and it will be selected by default)
2025-08-09T21:19:29.349+01:00  INFO 8368 --- [task-managementV2] [restartedMain] org.hibernate.orm.connections.pooling    : HHH10001005: Database info:
	Database JDBC URL [Connecting through datasource 'HikariDataSource (HikariPool-1)']
	Database driver: undefined/unknown
	Database version: 17.4
	Autocommit mode: undefined/unknown
	Isolation level: undefined/unknown
	Minimum pool size: undefined/unknown
	Maximum pool size: undefined/unknown
2025-08-09T21:19:32.881+01:00  INFO 8368 --- [task-managementV2] [restartedMain] o.h.e.t.j.p.i.JtaPlatformInitiator       : HHH000489: No JTA platform available (set 'hibernate.transaction.jta.platform' to enable JTA platform integration)
2025-08-09T21:19:32.948+01:00 DEBUG 8368 --- [task-managementV2] [restartedMain] org.hibernate.SQL                        : 
    set client_min_messages = WARNING
2025-08-09T21:19:32.948+01:00 DEBUG 8368 --- [task-managementV2] [restartedMain] org.hibernate.SQL                        : 
    alter table if exists habilitation_role 
       drop constraint if exists FKit66tec9ex9p3014hp5nmm5tx
2025-08-09T21:19:32.948+01:00 DEBUG 8368 --- [task-managementV2] [restartedMain] org.hibernate.SQL                        : 
    alter table if exists habilitation_role 
       drop constraint if exists FKqyljowhy2d8s9yv6tm8djaawi
2025-08-09T21:19:32.963+01:00 DEBUG 8368 --- [task-managementV2] [restartedMain] org.hibernate.SQL                        : 
    alter table if exists task 
       drop constraint if exists FKpk5d4or4nk6sijctxt0edufrk
2025-08-09T21:19:32.963+01:00 DEBUG 8368 --- [task-managementV2] [restartedMain] org.hibernate.SQL                        : 
    alter table if exists utilisateur 
       drop constraint if exists FKaqe8xtajee4k0wlqrvh2pso4l
2025-08-09T21:19:32.963+01:00 DEBUG 8368 --- [task-managementV2] [restartedMain] org.hibernate.SQL                        : 
    alter table if exists utilisateur_task 
       drop constraint if exists FK3oo2kgxabg7lbe4hde4vxj4g9
2025-08-09T21:19:32.963+01:00 DEBUG 8368 --- [task-managementV2] [restartedMain] org.hibernate.SQL                        : 
    alter table if exists utilisateur_task 
       drop constraint if exists FKg7obfrrng1qbft4qxtvis40s1
2025-08-09T21:19:32.963+01:00 DEBUG 8368 --- [task-managementV2] [restartedMain] org.hibernate.SQL                        : 
    drop table if exists habilitation cascade
2025-08-09T21:19:32.963+01:00 DEBUG 8368 --- [task-managementV2] [restartedMain] org.hibernate.SQL                        : 
    drop table if exists habilitation_role cascade
2025-08-09T21:19:32.963+01:00 DEBUG 8368 --- [task-managementV2] [restartedMain] org.hibernate.SQL                        : 
    drop table if exists role cascade
2025-08-09T21:19:32.963+01:00 DEBUG 8368 --- [task-managementV2] [restartedMain] org.hibernate.SQL                        : 
    drop table if exists state cascade
2025-08-09T21:19:32.963+01:00 DEBUG 8368 --- [task-managementV2] [restartedMain] org.hibernate.SQL                        : 
    drop table if exists task cascade
2025-08-09T21:19:32.963+01:00 DEBUG 8368 --- [task-managementV2] [restartedMain] org.hibernate.SQL                        : 
    drop table if exists utilisateur cascade
2025-08-09T21:19:32.963+01:00 DEBUG 8368 --- [task-managementV2] [restartedMain] org.hibernate.SQL                        : 
    drop table if exists utilisateur_task cascade
2025-08-09T21:19:32.979+01:00 DEBUG 8368 --- [task-managementV2] [restartedMain] org.hibernate.SQL                        : 
    create table habilitation (
        creation_date timestamp(6) not null,
        id bigint generated by default as identity,
        last_modified_date timestamp(6),
        code varchar(255) not null,
        libelle varchar(255) not null,
        primary key (id)
    )
2025-08-09T21:19:33.010+01:00 DEBUG 8368 --- [task-managementV2] [restartedMain] org.hibernate.SQL                        : 
    create table habilitation_role (
        activated boolean not null,
        creation_date timestamp(6) not null,
        habilitation_id bigint,
        id bigint generated by default as identity,
        last_modified_date timestamp(6),
        role_id bigint,
        primary key (id)
    )
2025-08-09T21:19:33.010+01:00 DEBUG 8368 --- [task-managementV2] [restartedMain] org.hibernate.SQL                        : 
    create table role (
        creation_date timestamp(6) not null,
        id bigint generated by default as identity,
        last_modified_date timestamp(6),
        code varchar(255) not null,
        libelle varchar(255) not null,
        primary key (id)
    )
2025-08-09T21:19:33.026+01:00 DEBUG 8368 --- [task-managementV2] [restartedMain] org.hibernate.SQL                        : 
    create table state (
        creation_date timestamp(6) not null,
        id bigint generated by default as identity,
        last_modified_date timestamp(6),
        code varchar(255) not null,
        description varchar(255) not null,
        primary key (id)
    )
2025-08-09T21:19:33.026+01:00 DEBUG 8368 --- [task-managementV2] [restartedMain] org.hibernate.SQL                        : 
    create table task (
        date_creation timestamp(6) not null,
        id bigint generated by default as identity,
        state_id bigint,
        description varchar(255) not null,
        name varchar(255) not null,
        primary key (id)
    )
2025-08-09T21:19:33.041+01:00 DEBUG 8368 --- [task-managementV2] [restartedMain] org.hibernate.SQL                        : 
    create table utilisateur (
        is_account_non_locked boolean not null,
        sexe char(1) not null,
        creation_date timestamp(6) not null,
        id bigint generated by default as identity,
        last_modified_date timestamp(6),
        role_id bigint,
        email varchar(255) not null,
        first_name varchar(255) not null,
        last_name varchar(255) not null,
        password varchar(255) not null,
        telephone varchar(255) not null,
        primary key (id)
    )
2025-08-09T21:19:33.057+01:00 DEBUG 8368 --- [task-managementV2] [restartedMain] org.hibernate.SQL                        : 
    create table utilisateur_task (
        assignment_date timestamp(6),
        creation_date timestamp(6) not null,
        id bigint generated by default as identity,
        last_modified_date timestamp(6),
        task_id bigint,
        utilisateur_id bigint,
        primary key (id)
    )
2025-08-09T21:19:33.057+01:00 DEBUG 8368 --- [task-managementV2] [restartedMain] org.hibernate.SQL                        : 
    alter table if exists habilitation_role 
       add constraint FKit66tec9ex9p3014hp5nmm5tx 
       foreign key (habilitation_id) 
       references habilitation
2025-08-09T21:19:33.073+01:00 DEBUG 8368 --- [task-managementV2] [restartedMain] org.hibernate.SQL                        : 
    alter table if exists habilitation_role 
       add constraint FKqyljowhy2d8s9yv6tm8djaawi 
       foreign key (role_id) 
       references role
2025-08-09T21:19:33.073+01:00 DEBUG 8368 --- [task-managementV2] [restartedMain] org.hibernate.SQL                        : 
    alter table if exists task 
       add constraint FKpk5d4or4nk6sijctxt0edufrk 
       foreign key (state_id) 
       references state
2025-08-09T21:19:33.073+01:00 DEBUG 8368 --- [task-managementV2] [restartedMain] org.hibernate.SQL                        : 
    alter table if exists utilisateur 
       add constraint FKaqe8xtajee4k0wlqrvh2pso4l 
       foreign key (role_id) 
       references role
2025-08-09T21:19:33.073+01:00 DEBUG 8368 --- [task-managementV2] [restartedMain] org.hibernate.SQL                        : 
    alter table if exists utilisateur_task 
       add constraint FK3oo2kgxabg7lbe4hde4vxj4g9 
       foreign key (task_id) 
       references task
2025-08-09T21:19:33.073+01:00 DEBUG 8368 --- [task-managementV2] [restartedMain] org.hibernate.SQL                        : 
    alter table if exists utilisateur_task 
       add constraint FKg7obfrrng1qbft4qxtvis40s1 
       foreign key (utilisateur_id) 
       references utilisateur
2025-08-09T21:19:33.088+01:00  INFO 8368 --- [task-managementV2] [restartedMain] j.LocalContainerEntityManagerFactoryBean : Initialized JPA EntityManagerFactory for persistence unit 'default'
2025-08-09T21:19:34.586+01:00  INFO 8368 --- [task-managementV2] [restartedMain] o.s.d.j.r.query.QueryEnhancerFactory     : Hibernate is in classpath; If applicable, HQL parser will be used.
2025-08-09T21:19:36.509+01:00  INFO 8368 --- [task-managementV2] [restartedMain] o.s.b.d.a.OptionalLiveReloadServer       : LiveReload server is running on port 35729
2025-08-09T21:19:36.583+01:00  INFO 8368 --- [task-managementV2] [restartedMain] c.a.t.TaskManagementV2Application        : Started TaskManagementV2Application in 15.537 seconds (process running for 18.603)
2025-08-09T21:20:07.243+01:00  INFO 8368 --- [task-managementV2] [SpringApplicationShutdownHook] j.LocalContainerEntityManagerFactoryBean : Closing JPA EntityManagerFactory for persistence unit 'default'
2025-08-09T21:20:07.243+01:00 DEBUG 8368 --- [task-managementV2] [SpringApplicationShutdownHook] org.hibernate.SQL                        : 
    set client_min_messages = WARNING
2025-08-09T21:20:07.243+01:00 DEBUG 8368 --- [task-managementV2] [SpringApplicationShutdownHook] org.hibernate.SQL                        : 
    alter table if exists habilitation_role 
       drop constraint if exists FKit66tec9ex9p3014hp5nmm5tx
2025-08-09T21:20:07.259+01:00 DEBUG 8368 --- [task-managementV2] [SpringApplicationShutdownHook] org.hibernate.SQL                        : 
    alter table if exists habilitation_role 
       drop constraint if exists FKqyljowhy2d8s9yv6tm8djaawi
2025-08-09T21:20:07.259+01:00 DEBUG 8368 --- [task-managementV2] [SpringApplicationShutdownHook] org.hibernate.SQL                        : 
    alter table if exists task 
       drop constraint if exists FKpk5d4or4nk6sijctxt0edufrk
2025-08-09T21:20:07.259+01:00 DEBUG 8368 --- [task-managementV2] [SpringApplicationShutdownHook] org.hibernate.SQL                        : 
    alter table if exists utilisateur 
       drop constraint if exists FKaqe8xtajee4k0wlqrvh2pso4l
2025-08-09T21:20:07.259+01:00 DEBUG 8368 --- [task-managementV2] [SpringApplicationShutdownHook] org.hibernate.SQL                        : 
    alter table if exists utilisateur_task 
       drop constraint if exists FK3oo2kgxabg7lbe4hde4vxj4g9
2025-08-09T21:20:07.259+01:00 DEBUG 8368 --- [task-managementV2] [SpringApplicationShutdownHook] org.hibernate.SQL                        : 
    alter table if exists utilisateur_task 
       drop constraint if exists FKg7obfrrng1qbft4qxtvis40s1
2025-08-09T21:20:07.274+01:00 DEBUG 8368 --- [task-managementV2] [SpringApplicationShutdownHook] org.hibernate.SQL                        : 
    drop table if exists habilitation cascade
2025-08-09T21:20:07.274+01:00 DEBUG 8368 --- [task-managementV2] [SpringApplicationShutdownHook] org.hibernate.SQL                        : 
    drop table if exists habilitation_role cascade
2025-08-09T21:20:07.274+01:00 DEBUG 8368 --- [task-managementV2] [SpringApplicationShutdownHook] org.hibernate.SQL                        : 
    drop table if exists role cascade
2025-08-09T21:20:07.274+01:00 DEBUG 8368 --- [task-managementV2] [SpringApplicationShutdownHook] org.hibernate.SQL                        : 
    drop table if exists state cascade
2025-08-09T21:20:07.290+01:00 DEBUG 8368 --- [task-managementV2] [SpringApplicationShutdownHook] org.hibernate.SQL                        : 
    drop table if exists task cascade
2025-08-09T21:20:07.290+01:00 DEBUG 8368 --- [task-managementV2] [SpringApplicationShutdownHook] org.hibernate.SQL                        : 
    drop table if exists utilisateur cascade
2025-08-09T21:20:07.290+01:00 DEBUG 8368 --- [task-managementV2] [SpringApplicationShutdownHook] org.hibernate.SQL                        : 
    drop table if exists utilisateur_task cascade
2025-08-09T21:20:07.325+01:00  INFO 8368 --- [task-managementV2] [SpringApplicationShutdownHook] com.zaxxer.hikari.HikariDataSource       : HikariPool-1 - Shutdown initiated...
2025-08-09T21:20:07.341+01:00  INFO 8368 --- [task-managementV2] [SpringApplicationShutdownHook] com.zaxxer.hikari.HikariDataSource       : HikariPool-1 - Shutdown completed.
